============================================================
Time  2023/06/08 23:45:17 121 
============================================================
[2023/06/08 23:45:17 121] isr_local  2210 os_type is:  Linux  
[2023/06/08 23:45:17 121] isr_local  2219 SYS_MSG_LOAD_LOCAL  
[2023/06/08 23:45:17 122] isr_local  2248 SYS_MSG_REGCB_LOCAL| param0 =  msp_status_cb  
[2023/06/08 23:45:17 122] isr_local  2248 SYS_MSG_REGCB_LOCAL| param0 =  build_grm_cb  
[2023/06/08 23:45:17 122] isr_local  2261 ASR_LOCAL_MSG_BUILD_GRM  
[2023/06/08 23:45:17 122] isr_local  1902 grm_init | params:  engine_type = local, 		asr_res_path = fo|/home/fins/Func_speech/offline_mic/offline_mic/bin/config/msc/res/asr/common.jet, sample_rate = 16000, 		grm_build_path = /home/fins/Func_speech/offline_mic/offline_mic/bin/config/msc/res/asr/GrmBuilld,   
[2023/06/08 23:45:17 122] isr_local  804  engine_type  :  local  
[2023/06/08 23:45:17 122] isr_local  804  asr_res_path  :  fo|/home/fins/Func_speech/offline_mic/offline_mic/bin/config/msc/res/asr/common.jet  
[2023/06/08 23:45:17 123] isr_local  804  sample_rate  :  16000  
[2023/06/08 23:45:17 123] isr_local  804  grm_build_path  :  /home/fins/Func_speech/offline_mic/offline_mic/bin/config/msc/res/asr/GrmBuilld  
[2023/06/08 23:45:17 123] isr_local  1001 file count =   1  
[2023/06/08 23:45:17 123] isr_local  924  file open type is:   fo  
[2023/06/08 23:45:17 123] isr_local  957  /home/fins/Func_speech/offline_mic/offline_mic/bin/config/msc/res/asr/common.jet  0  0  
[2023/06/08 23:45:17 123] isr_local  1019 speech_plus_setting  0  
[2023/06/08 23:45:17 123] isr_local  1032 2  nil  /home/fins/Func_speech/offline_mic/offline_mic/bin/config/msc/res/asr/common.jet  0  0  
[2023/06/08 23:45:17 124] isr_local  1034 res_ver  2  
[2023/06/08 23:45:17 124] isr_local  1035 res 5  2e667396df99b3b0fad50ad9d7c1d33e  
[2023/06/08 23:45:17 124] isr_local  1036 res_new_old_mark  v5pp  
[2023/06/08 23:45:17 124] isr_local  1037 res_usr_name  ""  
[2023/06/08 23:45:17 124] isr_local  1038 res_expires  1654394737  
[2023/06/08 23:45:17 124] isr_local  1039 err  0  
[2023/06/08 23:45:17 124] isr_local  1070 now expires:  1686239117  1654394737  
[2023/06/08 23:45:17 124] isr_local  1007 parse respath substr error! :  11212  
[2023/06/08 23:45:17 124] isr_local  1887 parse_respath error! :  nil  
[2023/06/08 23:45:17 124] isr_local  1950 grm_init | create grm failed!  
[2023/06/08 23:45:17 125] isr_local  1643 proc_retcode_grm | errorcode =  11212  
[2023/06/08 23:45:17 125] isr_local  1635 onGrmLocalServiceCb  11212  nil  
