============================================================
Time  2022/04/20 10:25:52 406 
============================================================
[2022/04/20 10:25:52 406] isr_local  2210 os_type is:  Linux  
[2022/04/20 10:25:52 406] isr_local  2219 SYS_MSG_LOAD_LOCAL  
[2022/04/20 10:25:52 406] isr_local  2248 SYS_MSG_REGCB_LOCAL| param0 =  msp_status_cb  
[2022/04/20 10:25:52 406] isr_local  2248 SYS_MSG_REGCB_LOCAL| param0 =  build_grm_cb  
[2022/04/20 10:25:52 407] isr_local  2261 ASR_LOCAL_MSG_BUILD_GRM  
[2022/04/20 10:25:52 407] isr_local  1902 grm_init | params:  engine_type = local, 		asr_res_path = fo|/home/wheeltec/SR2.2-HR1.1.3/offline_mic/bin/config/msc/res/asr/common.jet, sample_rate = 16000, 		grm_build_path = /home/wheeltec/SR2.2-HR1.1.3/offline_mic/bin/config/msc/res/asr/GrmBuilld,   
[2022/04/20 10:25:52 407] isr_local  804  engine_type  :  local  
[2022/04/20 10:25:52 407] isr_local  804  asr_res_path  :  fo|/home/wheeltec/SR2.2-HR1.1.3/offline_mic/bin/config/msc/res/asr/common.jet  
[2022/04/20 10:25:52 407] isr_local  804  sample_rate  :  16000  
[2022/04/20 10:25:52 407] isr_local  804  grm_build_path  :  /home/wheeltec/SR2.2-HR1.1.3/offline_mic/bin/config/msc/res/asr/GrmBuilld  
[2022/04/20 10:25:52 407] isr_local  1001 file count =   1  
[2022/04/20 10:25:52 407] isr_local  924  file open type is:   fo  
[2022/04/20 10:25:52 407] isr_local  957  /home/wheeltec/SR2.2-HR1.1.3/offline_mic/bin/config/msc/res/asr/common.jet  0  0  
[2022/04/20 10:25:52 407] isr_local  1019 speech_plus_setting  0  
[2022/04/20 10:25:52 407] isr_local  1032 2  nil  /home/wheeltec/SR2.2-HR1.1.3/offline_mic/bin/config/msc/res/asr/common.jet  0  0  
[2022/04/20 10:25:52 407] isr_local  1034 res_ver  2  
[2022/04/20 10:25:52 407] isr_local  1035 res 5  2e667396df99b3b0fad50ad9d7c1d33e  
[2022/04/20 10:25:52 407] isr_local  1036 res_new_old_mark  v5pp  
[2022/04/20 10:25:52 407] isr_local  1037 res_usr_name  ""  
[2022/04/20 10:25:52 407] isr_local  1038 res_expires  1654394737  
[2022/04/20 10:25:52 407] isr_local  1039 err  0  
[2022/04/20 10:25:52 407] isr_local  1070 now expires:  1650421552  1654394737  
[2022/04/20 10:25:52 408] isr_local  1643 proc_retcode_grm | errorcode =  0  
[2022/04/20 10:25:52 413] isr_local  2021 grammar id:call  
[2022/04/20 10:25:52 413] isr_local  1635 onGrmLocalServiceCb  0  call  
