============================================================
Time  2023/06/08 18:52:12 567 
============================================================
[2023/06/08 18:52:12 568] isr_local  2210 os_type is:  Linux  
[2023/06/08 18:52:12 568] isr_local  2219 SYS_MSG_LOAD_LOCAL  
[2023/06/08 18:52:12 568] isr_local  2248 SYS_MSG_REGCB_LOCAL| param0 =  msp_status_cb  
[2023/06/08 18:52:12 569] isr_local  2248 SYS_MSG_REGCB_LOCAL| param0 =  build_grm_cb  
[2023/06/08 18:52:12 569] isr_local  2261 ASR_LOCAL_MSG_BUILD_GRM  
[2023/06/08 18:52:12 569] isr_local  1902 grm_init | params:  engine_type = local, 		asr_res_path = fo|/home/fins/Func_speech/offline_mic/offline_mic/bin/config/msc/res/asr/common.jet, sample_rate = 16000, 		grm_build_path = /home/fins/Func_speech/offline_mic/offline_mic/bin/config/msc/res/asr/GrmBuilld,   
[2023/06/08 18:52:12 569] isr_local  804  engine_type  :  local  
[2023/06/08 18:52:12 574] isr_local  804  asr_res_path  :  fo|/home/fins/Func_speech/offline_mic/offline_mic/bin/config/msc/res/asr/common.jet  
[2023/06/08 18:52:12 574] isr_local  804  sample_rate  :  16000  
[2023/06/08 18:52:12 574] isr_local  804  grm_build_path  :  /home/fins/Func_speech/offline_mic/offline_mic/bin/config/msc/res/asr/GrmBuilld  
[2023/06/08 18:52:12 582] isr_local  1001 file count =   1  
[2023/06/08 18:52:12 582] isr_local  924  file open type is:   fo  
[2023/06/08 18:52:12 582] isr_local  957  /home/fins/Func_speech/offline_mic/offline_mic/bin/config/msc/res/asr/common.jet  0  0  
[2023/06/08 18:52:12 582] isr_local  1019 speech_plus_setting  0  
[2023/06/08 18:52:12 587] isr_local  1032 2  nil  /home/fins/Func_speech/offline_mic/offline_mic/bin/config/msc/res/asr/common.jet  0  0  
[2023/06/08 18:52:12 587] isr_local  1034 res_ver  2  
[2023/06/08 18:52:12 587] isr_local  1035 res 5  1ed79bb2bf7281283dd78c69c833a30f  
[2023/06/08 18:52:12 588] isr_local  1036 res_new_old_mark  v5pp  
[2023/06/08 18:52:12 588] isr_local  1037 res_usr_name  ""  
[2023/06/08 18:52:12 588] isr_local  1038 res_expires  1693986754  
[2023/06/08 18:52:12 588] isr_local  1039 err  0  
[2023/06/08 18:52:12 588] isr_local  1070 now expires:  1686221532  1693986754  
[2023/06/08 18:52:12 601] isr_local  1643 proc_retcode_grm | errorcode =  0  
[2023/06/08 18:52:12 628] isr_local  2021 grammar id:call  
[2023/06/08 18:52:12 628] isr_local  1635 onGrmLocalServiceCb  0  call  
