Compiling the C compiler identification source file "CMakeCCompilerId.c" failed.
Compiler: C:/Program Files/Microsoft Visual Studio/2022/Community/VC/Tools/MSVC/14.30.30705/bin/Hostx64/x64/cl.exe 
Build flags: 
Id flags:  

The output was:
2
用于 x64 的 Microsoft (R) C/C++ 优化编译器 19.30.30705 版
版权所有(C) Microsoft Corporation。保留所有权利。

CMakeCCompilerId.c
Microsoft (R) Incremental Linker Version 14.30.30705.0
Copyright (C) Microsoft Corporation.  All rights reserved.

/out:CMakeCCompilerId.exe 
CMakeCCompilerId.obj 
LINK : fatal error LNK1104: 无法打开文件“LIBCMT.lib”


Compiling the CXX compiler identification source file "CMakeCXXCompilerId.cpp" failed.
Compiler: C:/Program Files/Microsoft Visual Studio/2022/Community/VC/Tools/MSVC/14.30.30705/bin/Hostx64/x64/cl.exe 
Build flags: 
Id flags:  

The output was:
2
用于 x64 的 Microsoft (R) C/C++ 优化编译器 19.30.30705 版
版权所有(C) Microsoft Corporation。保留所有权利。

CMakeCXXCompilerId.cpp
Microsoft (R) Incremental Linker Version 14.30.30705.0
Copyright (C) Microsoft Corporation.  All rights reserved.

/out:CMakeCXXCompilerId.exe 
CMakeCXXCompilerId.obj 
LINK : fatal error LNK1104: 无法打开文件“LIBCMT.lib”


Detecting C compiler ABI info failed to compile with the following output:
Change Dir: D:/麦克风阵列/M2系列麦克风阵列(M260C,M260,M240)/3.Linux_SDK/2.改进版SDK（边录边识别）/SR2.2-HR1.1.3_line/SR2.2-HR1.1.3_line_vad/offline_mic/samples/offline_command_sample/src/out/build/x64-Debug/CMakeFiles/CMakeTmp

Run Build Command(s):C:/Program Files/Microsoft Visual Studio/2022/Community/Common7/IDE/CommonExtensions/Microsoft/CMake/Ninja/ninja.exe cmTC_420bd && [1/2] Building C object CMakeFiles\cmTC_420bd.dir\CMakeCCompilerABI.c.obj
[2/2] Linking C executable cmTC_420bd.exe
FAILED: cmTC_420bd.exe 
cmd.exe /C "cd . && "C:\Program Files\Microsoft Visual Studio\2022\Community\Common7\IDE\CommonExtensions\Microsoft\CMake\CMake\bin\cmake.exe" -E vs_link_exe --intdir=CMakeFiles\cmTC_420bd.dir --rc=C:\PROGRA~2\WI3CF2~1\10\bin\10.0.19041.0\x64\rc.exe --mt=C:\PROGRA~2\WI3CF2~1\10\bin\10.0.19041.0\x64\mt.exe --manifests  -- "C:\PROGRA~1\Microsoft Visual Studio\2022\Community\VC\Tools\MSVC\14.30.30705\bin\Hostx64\x64\link.exe" /nologo CMakeFiles\cmTC_420bd.dir\CMakeCCompilerABI.c.obj  /out:cmTC_420bd.exe /implib:cmTC_420bd.lib /pdb:cmTC_420bd.pdb /version:0.0 /machine:x64  /debug /INCREMENTAL /subsystem:console  kernel32.lib user32.lib gdi32.lib winspool.lib shell32.lib ole32.lib oleaut32.lib uuid.lib comdlg32.lib advapi32.lib && cd ."
LINK Pass 1: command "C:\PROGRA~1\Microsoft Visual Studio\2022\Community\VC\Tools\MSVC\14.30.30705\bin\Hostx64\x64\link.exe /nologo CMakeFiles\cmTC_420bd.dir\CMakeCCompilerABI.c.obj /out:cmTC_420bd.exe /implib:cmTC_420bd.lib /pdb:cmTC_420bd.pdb /version:0.0 /machine:x64 /debug /INCREMENTAL /subsystem:console kernel32.lib user32.lib gdi32.lib winspool.lib shell32.lib ole32.lib oleaut32.lib uuid.lib comdlg32.lib advapi32.lib /MANIFEST /MANIFESTFILE:CMakeFiles\cmTC_420bd.dir/intermediate.manifest CMakeFiles\cmTC_420bd.dir/manifest.res" failed (exit code 1104) with the following output:
LINK : fatal error LNK1104: 无法打开文件“kernel32.lib”
ninja: build stopped: subcommand failed.




Determining if the C compiler works failed with the following output:
Change Dir: D:/麦克风阵列/M2系列麦克风阵列(M260C,M260,M240)/3.Linux_SDK/2.改进版SDK（边录边识别）/SR2.2-HR1.1.3_line/SR2.2-HR1.1.3_line_vad/offline_mic/samples/offline_command_sample/src/out/build/x64-Debug/CMakeFiles/CMakeTmp

Run Build Command(s):C:/Program Files/Microsoft Visual Studio/2022/Community/Common7/IDE/CommonExtensions/Microsoft/CMake/Ninja/ninja.exe cmTC_a7779 && [1/2] Building C object CMakeFiles\cmTC_a7779.dir\testCCompiler.c.obj
[2/2] Linking C executable cmTC_a7779.exe
FAILED: cmTC_a7779.exe 
cmd.exe /C "cd . && "C:\Program Files\Microsoft Visual Studio\2022\Community\Common7\IDE\CommonExtensions\Microsoft\CMake\CMake\bin\cmake.exe" -E vs_link_exe --intdir=CMakeFiles\cmTC_a7779.dir --rc=C:\PROGRA~2\WI3CF2~1\10\bin\10.0.19041.0\x64\rc.exe --mt=C:\PROGRA~2\WI3CF2~1\10\bin\10.0.19041.0\x64\mt.exe --manifests  -- "C:\PROGRA~1\Microsoft Visual Studio\2022\Community\VC\Tools\MSVC\14.30.30705\bin\Hostx64\x64\link.exe" /nologo CMakeFiles\cmTC_a7779.dir\testCCompiler.c.obj  /out:cmTC_a7779.exe /implib:cmTC_a7779.lib /pdb:cmTC_a7779.pdb /version:0.0 /machine:x64  /debug /INCREMENTAL /subsystem:console  kernel32.lib user32.lib gdi32.lib winspool.lib shell32.lib ole32.lib oleaut32.lib uuid.lib comdlg32.lib advapi32.lib && cd ."
LINK Pass 1: command "C:\PROGRA~1\Microsoft Visual Studio\2022\Community\VC\Tools\MSVC\14.30.30705\bin\Hostx64\x64\link.exe /nologo CMakeFiles\cmTC_a7779.dir\testCCompiler.c.obj /out:cmTC_a7779.exe /implib:cmTC_a7779.lib /pdb:cmTC_a7779.pdb /version:0.0 /machine:x64 /debug /INCREMENTAL /subsystem:console kernel32.lib user32.lib gdi32.lib winspool.lib shell32.lib ole32.lib oleaut32.lib uuid.lib comdlg32.lib advapi32.lib /MANIFEST /MANIFESTFILE:CMakeFiles\cmTC_a7779.dir/intermediate.manifest CMakeFiles\cmTC_a7779.dir/manifest.res" failed (exit code 1104) with the following output:
LINK : fatal error LNK1104: 无法打开文件“kernel32.lib”
ninja: build stopped: subcommand failed.



